Error:   Failed to scan for dependencies from entries:
  /home/runner/workspace/client/index.html

  ✘ [ERROR] Unexpected closing "CardHeader" tag does not match opening "div" tag

    client/src/pages/KnowledgeBase.tsx:1297:18:
      1297 │                 </CardHeader>
           │                   ~~~~~~~~~~
           ╵                   div

  The opening "div" tag is here:

    client/src/pages/KnowledgeBase.tsx:1186:19:
      1186 │                   <div className="flex items-start justify-betwe...
           ╵                    ~~~


✘ [ERROR] Unexpected closing "Card" tag does not match opening "CardHeader" tag

    client/src/pages/KnowledgeBase.tsx:1322:16:
      1322 │               </Card>
           │                 ~~~~
           ╵                 CardHeader

  The opening "CardHeader" tag is here:

    client/src/pages/KnowledgeBase.tsx:1185:17:
      1185 │                 <CardHeader>
           ╵                  ~~~~~~~~~~


✘ [ERROR] The character "}" is not valid inside a JSX element

    client/src/pages/KnowledgeBase.tsx:1323:14:
      1323 │             ))}
           │               ^
           ╵               {'}'}

  Did you mean to escape it as "{'}'}" instead?


✘ [ERROR] Unexpected closing "div" tag does not match opening "Card" tag

    client/src/pages/KnowledgeBase.tsx:1324:12:
      1324 │           </div>
           │             ~~~
           ╵             Card

  The opening "Card" tag is here:

    client/src/pages/KnowledgeBase.tsx:1180:15:
      1180 │               <Card 
           ╵                ~~~~


✘ [ERROR] Expected ")" but found "{"

    client/src/pages/KnowledgeBase.tsx:1326:10:
      1326 │           {articles.length === 0 && (
           │           ^
           ╵           )


    at failureErrorWithLog (/home/runner/workspace/node_modules/vite/node_modules/esbuild/lib/main.js:1472:15)
    at /home/runner/workspace/node_modules/vite/node_modules/esbuild/lib/main.js:945:25
    at runOnEndCallbacks (/home/runner/workspace/node_modules/vite/node_modules/esbuild/lib/main.js:1315:45)
    at buildResponseToResult (/home/runner/workspace/node_modules/vite/node_modules/esbuild/lib/main.js:943:7)
    at /home/runner/workspace/node_modules/vite/node_modules/esbuild/lib/main.js:955:9
    at new Promise (<anonymous>)
    at requestCallbacks.on-end (/home/runner/workspace/node_modules/vite/node_modules/esbuild/lib/main.js:954:54)
    at handleRequest (/home/runner/workspace/node_modules/vite/node_modules/esbuild/lib/main.js:647:17)
    at handleIncomingPacket (/home/runner/workspace/node_modules/vite/node_modules/esbuild/lib/main.js:672:7)
    at Socket.readFromStdout (/home/runner/workspace/node_modules/vite/node_modules/esbuild/lib/main.js:600:7)