Error:   Failed to scan for dependencies from entries:
  /home/runner/workspace/client/index.html

  ✘ [ERROR] The character ">" is not valid inside a JSX element

    client/src/pages/KnowledgeBase.tsx:859:59:
      859 │ The plan is to apply the changes step by step.FormMessage />
          │                                                            ^
          ╵                                                            {'>'}

  Did you mean to escape it as "{'>'}" instead?


✘ [ERROR] Unexpected closing "FormItem" tag does not match opening "replit_final_file" tag

    client/src/pages/KnowledgeBase.tsx:860:26:
      860 │                         </FormItem>
          │                           ~~~~~~~~
          ╵                           replit_final_file

  The opening "replit_final_file" tag is here:

    client/src/pages/KnowledgeBase.tsx:855:27:
      855 │                           <replit_final_file>
          ╵                            ~~~~~~~~~~~~~~~~~


✘ [ERROR] The character "}" is not valid inside a JSX element

    client/src/pages/KnowledgeBase.tsx:861:23:
      861 │                       )}
          │                        ^
          ╵                        {'}'}

  Did you mean to escape it as "{'}'}" instead?


✘ [ERROR] The character ">" is not valid inside a JSX element

    client/src/pages/KnowledgeBase.tsx:862:21:
      862 │                     />
          │                      ^
          ╵                      {'>'}

  Did you mean to escape it as "{'>'}" instead?


✘ [ERROR] Unexpected closing "div" tag does not match opening "FormItem" tag

    client/src/pages/KnowledgeBase.tsx:863:20:
      863 │                   </div>
          │                     ~~~
          ╵                     FormItem

  The opening "FormItem" tag is here:

    client/src/pages/KnowledgeBase.tsx:850:25:
      850 │                         <FormItem>
          ╵                          ~~~~~~~~


✘ [ERROR] Expected ")" but found "control"

    client/src/pages/KnowledgeBase.tsx:865:22:
      865 │                       control={articleForm.control}
          │                       ~~~~~~~
          ╵                       )


    at failureErrorWithLog (/home/runner/workspace/node_modules/vite/node_modules/esbuild/lib/main.js:1472:15)
    at /home/runner/workspace/node_modules/vite/node_modules/esbuild/lib/main.js:945:25
    at runOnEndCallbacks (/home/runner/workspace/node_modules/vite/node_modules/esbuild/lib/main.js:1315:45)
    at buildResponseToResult (/home/runner/workspace/node_modules/vite/node_modules/esbuild/lib/main.js:943:7)
    at /home/runner/workspace/node_modules/vite/node_modules/esbuild/lib/main.js:955:9
    at new Promise (<anonymous>)
    at requestCallbacks.on-end (/home/runner/workspace/node_modules/vite/node_modules/esbuild/lib/main.js:954:54)
    at handleRequest (/home/runner/workspace/node_modules/vite/node_modules/esbuild/lib/main.js:647:17)
    at handleIncomingPacket (/home/runner/workspace/node_modules/vite/node_modules/esbuild/lib/main.js:672:7)
    at Socket.readFromStdout (/home/runner/workspace/node_modules/vite/node_modules/esbuild/lib/main.js:600:7)
